0 info it worked if it ends with ok
1 verbose cli [ '/Users/geakstr/.nvm/versions/node/v5.4.1/bin/node',
1 verbose cli   '/Users/geakstr/.nvm/versions/node/v5.4.1/bin/npm',
1 verbose cli   'publish',
1 verbose cli   '.' ]
2 info using npm@3.3.12
3 info using node@v5.4.1
4 verbose publish [ '.' ]
5 silly cache add args [ '.', null ]
6 verbose cache add spec .
7 silly cache add parsed spec Result {
7 silly cache add   raw: '.',
7 silly cache add   scope: null,
7 silly cache add   name: null,
7 silly cache add   rawSpec: '.',
7 silly cache add   spec: '/workspace/package-together',
7 silly cache add   type: 'directory' }
8 verbose addLocalDirectory /Users/geakstr/.npm/package-together/1.0.0/package.tgz not in flight; packing
9 info lifecycle package-together@1.0.0~prepublish: package-together@1.0.0
10 silly lifecycle package-together@1.0.0~prepublish: no script for prepublish, continuing
11 verbose tar pack [ '/Users/geakstr/.npm/package-together/1.0.0/package.tgz',
11 verbose tar pack   '/workspace/package-together' ]
12 verbose tarball /Users/geakstr/.npm/package-together/1.0.0/package.tgz
13 verbose folder /workspace/package-together
14 verbose addLocalTarball adding from inside cache /Users/geakstr/.npm/package-together/1.0.0/package.tgz
15 silly cache afterAdd package-together@1.0.0
16 verbose afterAdd /Users/geakstr/.npm/package-together/1.0.0/package/package.json not in flight; writing
17 verbose afterAdd /Users/geakstr/.npm/package-together/1.0.0/package/package.json written
18 silly publish { name: 'package-together',
18 silly publish   version: '1.0.0',
18 silly publish   description: 'All in one package.json files with common deps',
18 silly publish   homepage: 'https://github.com/geakstr/package-together',
18 silly publish   author: { name: 'Dmitry Kharitonov', email: 'geakstr@me.com' },
18 silly publish   license: 'WTFPL',
18 silly publish   private: false,
18 silly publish   repository:
18 silly publish    { type: 'git',
18 silly publish      url: 'git+https://github.com/geakstr/package-together.git' },
18 silly publish   bugs: { url: 'https://github.com/geakstr/package-together/issues' },
18 silly publish   main: 'index.js',
18 silly publish   readme: '# package-together\n\nInstall: `npm install package-together`\n\n`package-together` allow to describe all sub `package.json` files for complex project in one main `package.json`. The advantage of this — guarantee to use the same versions of the dependencies throughout the project.\n\nImagine you have next project with two subprojects `api` and `client`:\n\n```\nproject\n  |--api\n  |--client\n  package.json\n```\n\nWith `package-together` you don\'t need to create separate `project/api/package.json` and `project/client/package.json`, instead write all of this in `project/package.json` in `subpackages` section:\n\n```json\n{\n   "name": "project name",\n   "version": "1.0.0",\n   "description": "Oh my project",\n   "scripts": {\n     "postinstall": "node ./node_modules/package-together/index.js"\n   },\n   "subpackages": {\n     "api": {\n       "name": "api",\n       "version": "1.0.1",\n       "description": "API project",\n       "dependencies": ["async", "bcryptjs"],\n       "devDependencies": ["eslint", "nodemon"]\n     },\n     "client": {\n       "name": "client",\n       "version": "2.1.3",\n       "description": "Client project",\n       "dependencies": ["async"],\n       "devDependencies": ["eslint", "webpack"]\n     }\n   },\n   "dependencies": {\n     "async": "1.5.2",\n     "bcryptjs": "2.3.0"\n   },\n   "devDependencies": {\n      "nodemon": "^1.8.1",\n      "webpack": "^1.12.12",\n      "eslint": "^1.10.3"\n   }\n}\n```\n\nAfter `npm install` (look, we have `postinstall` task) `package-together` build (completely rewrite) sub `package.json` and install dependencies for each subproject.\n\n```json\n// project/api/package.json\n{\n   "name": "api",\n   "version": "1.0.1",\n   "description": "API project",\n   "dependencies": {\n      "async": "1.5.2",\n      "bcryptjs": "2.3.0"\n   },\n   "devDependencies": {\n      "nodemon": "^1.8.1",\n      "eslint": "^1.10.3"\n   }\n}\n```\n\n```json\n// project/client/package.json\n{\n   "name": "client",\n   "version": "2.1.3",\n   "description": "Client project",\n   "dependencies": {\n      "async": "1.5.2"\n   },\n   "devDependencies": {\n      "eslint": "^1.10.3",\n      "webpack": "^1.12.12"\n   }\n}\n```\n\nAs you can see `api` and `client` has common dependencies (`async` and `eslint`) with the same version.\n\nIf you want use specific version of dependency for subproject `package-together` allow this via next syntaxis: `"dependencies": ["async@1.3.0"]`.\n\nFor using all dependencies from main `package.json` declare `"dependencies": true`, `"devDependencies": true`.\n\n**Remember** you must do `npm install <dep> --save` only to main `project/package.json`, because `package-together` will rewrite sub `package.json` files.\n',
18 silly publish   readmeFilename: 'README.md',
18 silly publish   gitHead: '82bd7a1e258cc986824e7456afaa8eb397b24257',
18 silly publish   _id: 'package-together@1.0.0',
18 silly publish   scripts: {},
18 silly publish   _shasum: '8620b73d83386f3d821228e2e8d83bcf585c5c95',
18 silly publish   _from: '.' }
19 verbose getPublishConfig undefined
20 silly mapToRegistry name package-together
21 silly mapToRegistry using default registry
22 silly mapToRegistry registry https://registry.npmjs.org/
23 silly mapToRegistry uri https://registry.npmjs.org/package-together
24 verbose publish registryBase https://registry.npmjs.org/
25 silly publish uploading /Users/geakstr/.npm/package-together/1.0.0/package.tgz
26 verbose request uri https://registry.npmjs.org/package-together
27 verbose request sending authorization for write operation
28 info attempt registry request try #1 at 2:40:15 PM
29 verbose request using bearer token for auth
30 verbose request id c039bdb667bd31cf
31 http request PUT https://registry.npmjs.org/package-together
32 http 403 https://registry.npmjs.org/package-together
33 verbose headers { 'content-type': 'application/json',
33 verbose headers   'cache-control': 'max-age=300',
33 verbose headers   'content-length': '95',
33 verbose headers   'accept-ranges': 'bytes',
33 verbose headers   date: 'Sat, 06 Feb 2016 11:40:17 GMT',
33 verbose headers   via: '1.1 varnish',
33 verbose headers   connection: 'keep-alive',
33 verbose headers   'x-served-by': 'cache-ams4132-AMS',
33 verbose headers   'x-cache': 'MISS',
33 verbose headers   'x-cache-hits': '0',
33 verbose headers   'x-timer': 'S1454758815.974344,VS0,VE1156' }
34 verbose request invalidating /Users/geakstr/.npm/registry.npmjs.org/package-together on PUT
35 error publish Failed PUT 403
36 verbose stack Error: "You cannot publish over the previously published version 1.0.0." : package-together
36 verbose stack     at makeError (/Users/geakstr/.nvm/versions/node/v5.4.1/lib/node_modules/npm/node_modules/npm-registry-client/lib/request.js:264:12)
36 verbose stack     at CachingRegistryClient.<anonymous> (/Users/geakstr/.nvm/versions/node/v5.4.1/lib/node_modules/npm/node_modules/npm-registry-client/lib/request.js:252:14)
36 verbose stack     at Request._callback (/Users/geakstr/.nvm/versions/node/v5.4.1/lib/node_modules/npm/node_modules/npm-registry-client/lib/request.js:172:14)
36 verbose stack     at Request.self.callback (/Users/geakstr/.nvm/versions/node/v5.4.1/lib/node_modules/npm/node_modules/request/request.js:198:22)
36 verbose stack     at emitTwo (events.js:87:13)
36 verbose stack     at Request.emit (events.js:172:7)
36 verbose stack     at Request.<anonymous> (/Users/geakstr/.nvm/versions/node/v5.4.1/lib/node_modules/npm/node_modules/request/request.js:1082:10)
36 verbose stack     at emitOne (events.js:82:20)
36 verbose stack     at Request.emit (events.js:169:7)
36 verbose stack     at IncomingMessage.<anonymous> (/Users/geakstr/.nvm/versions/node/v5.4.1/lib/node_modules/npm/node_modules/request/request.js:1009:12)
37 verbose statusCode 403
38 verbose pkgid package-together
39 verbose cwd /workspace/package-together
40 error Darwin 15.3.0
41 error argv "/Users/geakstr/.nvm/versions/node/v5.4.1/bin/node" "/Users/geakstr/.nvm/versions/node/v5.4.1/bin/npm" "publish" "."
42 error node v5.4.1
43 error npm  v3.3.12
44 error code E403
45 error "You cannot publish over the previously published version 1.0.0." : package-together
46 error If you need help, you may report this error at:
46 error     <https://github.com/npm/npm/issues>
47 verbose exit [ 1, true ]
